This is pdfTeX, Version 3.14159265-2.6-1.40.15 (TeX Live 2014/MacPorts 2014_5) (preloaded format=pdflatex 2015.2.21)  28 JAN 2016 19:10
entering extended mode
 restricted \write18 enabled.
 %&-line parsing enabled.
**example_paper
(./example_paper.tex
LaTeX2e <2014/05/01>
Babel <3.9k> and hyphenation patterns for 43 languages loaded.
(/opt/local/share/texmf-texlive/tex/latex/base/article.cls
Document Class: article 2007/10/19 v1.4h Standard LaTeX document class
(/opt/local/share/texmf-texlive/tex/latex/base/size10.clo
File: size10.clo 2007/10/19 v1.4h Standard LaTeX file (size option)
)
\c@part=\count79
\c@section=\count80
\c@subsection=\count81
\c@subsubsection=\count82
\c@paragraph=\count83
\c@subparagraph=\count84
\c@figure=\count85
\c@table=\count86
\abovecaptionskip=\skip41
\belowcaptionskip=\skip42
\bibindent=\dimen102
)
(/opt/local/share/texmf-texlive/tex/latex/psnfss/times.sty
Package: times 2005/04/12 PSNFSS-v9.2a (SPQR) 
)
(/opt/local/share/texmf-texlive/tex/latex/graphics/graphicx.sty
Package: graphicx 2014/04/25 v1.0g Enhanced LaTeX Graphics (DPC,SPQR)

(/opt/local/share/texmf-texlive/tex/latex/graphics/keyval.sty
Package: keyval 2014/05/08 v1.15 key=value parser (DPC)
\KV@toks@=\toks14
)
(/opt/local/share/texmf-texlive/tex/latex/graphics/graphics.sty
Package: graphics 2009/02/05 v1.0o Standard LaTeX Graphics (DPC,SPQR)

(/opt/local/share/texmf-texlive/tex/latex/graphics/trig.sty
Package: trig 1999/03/16 v1.09 sin cos tan (DPC)
)
(/opt/local/share/texmf-texlive/tex/latex/latexconfig/graphics.cfg
File: graphics.cfg 2010/04/23 v1.9 graphics configuration of TeX Live
)
Package graphics Info: Driver file: pdftex.def on input line 91.

(/opt/local/share/texmf-texlive/tex/latex/pdftex-def/pdftex.def
File: pdftex.def 2011/05/27 v0.06d Graphics/color for pdfTeX

(/opt/local/share/texmf-texlive/tex/generic/oberdiek/infwarerr.sty
Package: infwarerr 2010/04/08 v1.3 Providing info/warning/error messages (HO)
)
(/opt/local/share/texmf-texlive/tex/generic/oberdiek/ltxcmds.sty
Package: ltxcmds 2011/11/09 v1.22 LaTeX kernel commands for general use (HO)
)
\Gread@gobject=\count87
))
\Gin@req@height=\dimen103
\Gin@req@width=\dimen104
)
(./natbib.sty
Package: natbib 2009/07/16 8.31 (PWD, AO)
\bibhang=\skip43
\bibsep=\skip44
LaTeX Info: Redefining \cite on input line 694.
\c@NAT@ctr=\count88
) (/opt/local/share/texmf-texlive/tex/latex/hyperref/hyperref.sty
Package: hyperref 2012/11/06 v6.83m Hypertext links for LaTeX

(/opt/local/share/texmf-texlive/tex/generic/oberdiek/hobsub-hyperref.sty
Package: hobsub-hyperref 2012/05/28 v1.13 Bundle oberdiek, subset hyperref (HO)


(/opt/local/share/texmf-texlive/tex/generic/oberdiek/hobsub-generic.sty
Package: hobsub-generic 2012/05/28 v1.13 Bundle oberdiek, subset generic (HO)
Package: hobsub 2012/05/28 v1.13 Construct package bundles (HO)
Package hobsub Info: Skipping package `infwarerr' (already loaded).
Package hobsub Info: Skipping package `ltxcmds' (already loaded).
Package: ifluatex 2010/03/01 v1.3 Provides the ifluatex switch (HO)
Package ifluatex Info: LuaTeX not detected.
Package: ifvtex 2010/03/01 v1.5 Detect VTeX and its facilities (HO)
Package ifvtex Info: VTeX not detected.
Package: intcalc 2007/09/27 v1.1 Expandable calculations with integers (HO)
Package: ifpdf 2011/01/30 v2.3 Provides the ifpdf switch (HO)
Package ifpdf Info: pdfTeX in PDF mode is detected.
Package: etexcmds 2011/02/16 v1.5 Avoid name clashes with e-TeX commands (HO)
Package etexcmds Info: Could not find \expanded.
(etexcmds)             That can mean that you are not using pdfTeX 1.50 or
(etexcmds)             that some package has redefined \expanded.
(etexcmds)             In the latter case, load this package earlier.
Package: kvsetkeys 2012/04/25 v1.16 Key value parser (HO)
Package: kvdefinekeys 2011/04/07 v1.3 Define keys (HO)
Package: pdftexcmds 2011/11/29 v0.20 Utility functions of pdfTeX for LuaTeX (HO
)
Package pdftexcmds Info: LuaTeX not detected.
Package pdftexcmds Info: \pdf@primitive is available.
Package pdftexcmds Info: \pdf@ifprimitive is available.
Package pdftexcmds Info: \pdfdraftmode found.
Package: pdfescape 2011/11/25 v1.13 Implements pdfTeX's escape features (HO)
Package: bigintcalc 2012/04/08 v1.3 Expandable calculations on big integers (HO
)
Package: bitset 2011/01/30 v1.1 Handle bit-vector datatype (HO)
Package: uniquecounter 2011/01/30 v1.2 Provide unlimited unique counter (HO)
)
Package hobsub Info: Skipping package `hobsub' (already loaded).
Package: letltxmacro 2010/09/02 v1.4 Let assignment for LaTeX macros (HO)
Package: hopatch 2012/05/28 v1.2 Wrapper for package hooks (HO)
Package: xcolor-patch 2011/01/30 xcolor patch
Package: atveryend 2011/06/30 v1.8 Hooks at the very end of document (HO)
Package atveryend Info: \enddocument detected (standard20110627).
Package: atbegshi 2011/10/05 v1.16 At begin shipout hook (HO)
Package: refcount 2011/10/16 v3.4 Data extraction from label references (HO)
Package: hycolor 2011/01/30 v1.7 Color options for hyperref/bookmark (HO)
)
(/opt/local/share/texmf-texlive/tex/generic/ifxetex/ifxetex.sty
Package: ifxetex 2010/09/12 v0.6 Provides ifxetex conditional
)
(/opt/local/share/texmf-texlive/tex/latex/oberdiek/auxhook.sty
Package: auxhook 2011/03/04 v1.3 Hooks for auxiliary files (HO)
)
(/opt/local/share/texmf-texlive/tex/latex/oberdiek/kvoptions.sty
Package: kvoptions 2011/06/30 v3.11 Key value format for package options (HO)
)
\@linkdim=\dimen105
\Hy@linkcounter=\count89
\Hy@pagecounter=\count90

(/opt/local/share/texmf-texlive/tex/latex/hyperref/pd1enc.def
File: pd1enc.def 2012/11/06 v6.83m Hyperref: PDFDocEncoding definition (HO)
)
\Hy@SavedSpaceFactor=\count91

(/opt/local/share/texmf-texlive/tex/latex/latexconfig/hyperref.cfg
File: hyperref.cfg 2002/06/06 v1.2 hyperref configuration of TeXLive
)
Package hyperref Info: Hyper figures OFF on input line 4443.
Package hyperref Info: Link nesting OFF on input line 4448.
Package hyperref Info: Hyper index ON on input line 4451.
Package hyperref Info: Plain pages OFF on input line 4458.
Package hyperref Info: Backreferencing OFF on input line 4463.
Package hyperref Info: Implicit mode ON; LaTeX internals redefined.
Package hyperref Info: Bookmarks ON on input line 4688.
\c@Hy@tempcnt=\count92

(/opt/local/share/texmf-texlive/tex/latex/url/url.sty
\Urlmuskip=\muskip10
Package: url 2013/09/16  ver 3.4  Verb mode for urls, etc.
)
LaTeX Info: Redefining \url on input line 5041.
\XeTeXLinkMargin=\dimen106
\Fld@menulength=\count93
\Field@Width=\dimen107
\Fld@charsize=\dimen108
Package hyperref Info: Hyper figures OFF on input line 6295.
Package hyperref Info: Link nesting OFF on input line 6300.
Package hyperref Info: Hyper index ON on input line 6303.
Package hyperref Info: backreferencing OFF on input line 6310.
Package hyperref Info: Link coloring OFF on input line 6315.
Package hyperref Info: Link coloring with OCG OFF on input line 6320.
Package hyperref Info: PDF/A mode OFF on input line 6325.
LaTeX Info: Redefining \ref on input line 6365.
LaTeX Info: Redefining \pageref on input line 6369.
\Hy@abspage=\count94
\c@Item=\count95
\c@Hfootnote=\count96
)

Package hyperref Message: Driver (autodetected): hpdftex.

(/opt/local/share/texmf-texlive/tex/latex/hyperref/hpdftex.def
File: hpdftex.def 2012/11/06 v6.83m Hyperref driver for pdfTeX
\Fld@listcount=\count97
\c@bookmark@seq@number=\count98

(/opt/local/share/texmf-texlive/tex/latex/oberdiek/rerunfilecheck.sty
Package: rerunfilecheck 2011/04/15 v1.7 Rerun checks for auxiliary files (HO)
Package uniquecounter Info: New unique counter `rerunfilecheck' on input line 2
82.
)
\Hy@SectionHShift=\skip45
)
(./icml2016.sty
Package: icml2016 2016/01/01 v2.0 ICML Conference Style File
 (./fancyhdr.sty
\fancy@headwidth=\skip46
\f@ncyO@elh=\skip47
\f@ncyO@erh=\skip48
\f@ncyO@olh=\skip49
\f@ncyO@orh=\skip50
\f@ncyO@elf=\skip51
\f@ncyO@erf=\skip52
\f@ncyO@olf=\skip53
\f@ncyO@orf=\skip54
)
(/opt/local/share/texmf-texlive/tex/latex/graphics/color.sty
Package: color 2014/04/23 v1.1a Standard LaTeX Color (DPC)

(/opt/local/share/texmf-texlive/tex/latex/latexconfig/color.cfg
File: color.cfg 2007/01/18 v1.5 color configuration of teTeX/TeXLive
)
Package color Info: Driver file: pdftex.def on input line 137.
)
(./algorithm.sty
Package: algorithm 

Document Style `algorithm' - floating environment
(/opt/local/share/texmf-texlive/tex/latex/float/float.sty
Package: float 2001/11/08 v1.3d Float enhancements (AL)
\c@float@type=\count99
\float@exts=\toks15
\float@box=\box26
\@float@everytoks=\toks16
\@floatcapt=\box27
)
(/opt/local/share/texmf-texlive/tex/latex/base/ifthen.sty
Package: ifthen 2001/05/26 v1.1c Standard LaTeX ifthen package (DPC)
)
\@float@every@algorithm=\toks17
\c@algorithm=\count100
) (./algorithmic.sty
Package: algorithmic 

Document Style `algorithmic' - environment
(/opt/local/share/texmf-texlive/tex/latex/tools/calc.sty
Package: calc 2007/08/22 v4.3 Infix arithmetic (KKT,FJ)
\calc@Acount=\count101
\calc@Bcount=\count102
\calc@Adimen=\dimen109
\calc@Bdimen=\dimen110
\calc@Askip=\skip55
\calc@Bskip=\skip56
LaTeX Info: Redefining \setlength on input line 75.
LaTeX Info: Redefining \addtolength on input line 76.
\calc@Ccount=\count103
\calc@Cskip=\skip57
)
\c@ALC@line=\count104
\c@ALC@rem=\count105
\ALC@tlm=\skip58
)
(/opt/local/share/texmf-texlive/tex/latex/eso-pic/eso-pic.sty
Package: eso-pic 2013/10/06 v2.0d eso-pic (RN)
)
Package hyperref Info: Option `colorlinks' set `true' on input line 98.
\titrun=\box28
\newcaptionbox=\box29
\newcaptionboxwid=\dimen111
\icmlrulerbox=\box30
\icmlrulercount=\count106
\icmlruleroffset=\dimen112
\cv@lineheight=\dimen113
\cv@boxheight=\dimen114
\cv@tmpbox=\box31
\cv@refno=\count107
\cv@tot=\count108
\cv@tmpc@=\count109
\cv@tmpc=\count110
)
(/opt/local/share/texmf-texlive/tex/latex/caption/caption.sty
Package: caption 2013/05/02 v3.3-89 Customizing captions (AR)

(/opt/local/share/texmf-texlive/tex/latex/caption/caption3.sty
Package: caption3 2013/05/02 v1.6-88 caption3 kernel (AR)
Package caption3 Info: TeX engine: e-TeX on input line 57.
\captionmargin=\dimen115
\captionmargin@=\dimen116
\captionwidth=\dimen117
\caption@tempdima=\dimen118
\caption@indent=\dimen119
\caption@parindent=\dimen120
\caption@hangindent=\dimen121
Package caption Info: Unknown document class (or package),
(caption)             standard defaults will be used.
)

Package caption Warning: Unsupported document class (or package) detected,
(caption)                usage of the caption package is not recommended.
See the caption package documentation for explanation.

Package caption Info: \@makecaption = \long macro:#1#2-> \vskip 10pt \baselines
kip 11pt \setbox \@tempboxa \hbox {#1. #2} \ifdim \wd \@tempboxa >\hsize \sbox 
{\newcaptionbox }{\small \sl #1.~} \newcaptionboxwid =\wd \newcaptionbox \usebo
x \newcaptionbox {\footnotesize #2} \else \centerline {{\small \sl #1.} {\small
 #2}} \fi .
\c@ContinuedFloat=\count111
Package caption Info: float package is loaded.
Package caption Info: hyperref package is loaded.
) (/opt/local/share/texmf-texlive/tex/latex/psnfss/mathptmx.sty
Package: mathptmx 2005/04/12 PSNFSS-v9.2a Times w/ Math, improved (SPQR, WaS) 
LaTeX Font Info:    Redeclaring symbol font `operators' on input line 28.
LaTeX Font Info:    Overwriting symbol font `operators' in version `normal'
(Font)                  OT1/cmr/m/n --> OT1/ztmcm/m/n on input line 28.
LaTeX Font Info:    Overwriting symbol font `operators' in version `bold'
(Font)                  OT1/cmr/bx/n --> OT1/ztmcm/m/n on input line 28.
LaTeX Font Info:    Redeclaring symbol font `letters' on input line 29.
LaTeX Font Info:    Overwriting symbol font `letters' in version `normal'
(Font)                  OML/cmm/m/it --> OML/ztmcm/m/it on input line 29.
LaTeX Font Info:    Overwriting symbol font `letters' in version `bold'
(Font)                  OML/cmm/b/it --> OML/ztmcm/m/it on input line 29.
LaTeX Font Info:    Redeclaring symbol font `symbols' on input line 30.
LaTeX Font Info:    Overwriting symbol font `symbols' in version `normal'
(Font)                  OMS/cmsy/m/n --> OMS/ztmcm/m/n on input line 30.
LaTeX Font Info:    Overwriting symbol font `symbols' in version `bold'
(Font)                  OMS/cmsy/b/n --> OMS/ztmcm/m/n on input line 30.
LaTeX Font Info:    Redeclaring symbol font `largesymbols' on input line 31.
LaTeX Font Info:    Overwriting symbol font `largesymbols' in version `normal'
(Font)                  OMX/cmex/m/n --> OMX/ztmcm/m/n on input line 31.
LaTeX Font Info:    Overwriting symbol font `largesymbols' in version `bold'
(Font)                  OMX/cmex/m/n --> OMX/ztmcm/m/n on input line 31.
\symbold=\mathgroup4
\symitalic=\mathgroup5
LaTeX Font Info:    Redeclaring math alphabet \mathbf on input line 34.
LaTeX Font Info:    Overwriting math alphabet `\mathbf' in version `normal'
(Font)                  OT1/cmr/bx/n --> OT1/ptm/bx/n on input line 34.
LaTeX Font Info:    Overwriting math alphabet `\mathbf' in version `bold'
(Font)                  OT1/cmr/bx/n --> OT1/ptm/bx/n on input line 34.
LaTeX Font Info:    Redeclaring math alphabet \mathit on input line 35.
LaTeX Font Info:    Overwriting math alphabet `\mathit' in version `normal'
(Font)                  OT1/cmr/m/it --> OT1/ptm/m/it on input line 35.
LaTeX Font Info:    Overwriting math alphabet `\mathit' in version `bold'
(Font)                  OT1/cmr/bx/it --> OT1/ptm/m/it on input line 35.
LaTeX Info: Redefining \hbar on input line 50.
)
(/opt/local/share/texmf-texlive/tex/latex/amsmath/amsmath.sty
Package: amsmath 2013/01/14 v2.14 AMS math features
\@mathmargin=\skip59

For additional information on amsmath, use the `?' option.
(/opt/local/share/texmf-texlive/tex/latex/amsmath/amstext.sty
Package: amstext 2000/06/29 v2.01

(/opt/local/share/texmf-texlive/tex/latex/amsmath/amsgen.sty
File: amsgen.sty 1999/11/30 v2.0
\@emptytoks=\toks18
\ex@=\dimen122
))
(/opt/local/share/texmf-texlive/tex/latex/amsmath/amsbsy.sty
Package: amsbsy 1999/11/29 v1.2d
\pmbraise@=\dimen123
)
(/opt/local/share/texmf-texlive/tex/latex/amsmath/amsopn.sty
Package: amsopn 1999/12/14 v2.01 operator names
)
\inf@bad=\count112
LaTeX Info: Redefining \frac on input line 210.
\uproot@=\count113
\leftroot@=\count114
LaTeX Info: Redefining \overline on input line 306.
\classnum@=\count115
\DOTSCASE@=\count116
LaTeX Info: Redefining \ldots on input line 378.
LaTeX Info: Redefining \dots on input line 381.
LaTeX Info: Redefining \cdots on input line 466.
\Mathstrutbox@=\box32
\strutbox@=\box33
\big@size=\dimen124
LaTeX Font Info:    Redeclaring font encoding OML on input line 566.
LaTeX Font Info:    Redeclaring font encoding OMS on input line 567.
\macc@depth=\count117
\c@MaxMatrixCols=\count118
\dotsspace@=\muskip11
\c@parentequation=\count119
\dspbrk@lvl=\count120
\tag@help=\toks19
\row@=\count121
\column@=\count122
\maxfields@=\count123
\andhelp@=\toks20
\eqnshift@=\dimen125
\alignsep@=\dimen126
\tagshift@=\dimen127
\tagwidth@=\dimen128
\totwidth@=\dimen129
\lineht@=\dimen130
\@envbody=\toks21
\multlinegap=\skip60
\multlinetaggap=\skip61
\mathdisplay@stack=\toks22
LaTeX Info: Redefining \[ on input line 2665.
LaTeX Info: Redefining \] on input line 2666.
)
(/opt/local/share/texmf-texlive/tex/latex/amsfonts/amssymb.sty
Package: amssymb 2013/01/14 v3.01 AMS font symbols

(/opt/local/share/texmf-texlive/tex/latex/amsfonts/amsfonts.sty
Package: amsfonts 2013/01/14 v3.01 Basic AMSFonts support
\symAMSa=\mathgroup6
\symAMSb=\mathgroup7
LaTeX Font Info:    Overwriting math alphabet `\mathfrak' in version `bold'
(Font)                  U/euf/m/n --> U/euf/b/n on input line 106.
))
(/opt/local/share/texmf-texlive/tex/latex/caption/subcaption.sty
Package: subcaption 2013/02/03 v1.1-62 Sub-captions (AR)
\c@subfigure=\count124
\c@subtable=\count125
)
\c@lemma=\count126

(./example_paper.aux

LaTeX Warning: Label `table' multiply defined.

)
\openout1 = `example_paper.aux'.

LaTeX Font Info:    Checking defaults for OML/cmm/m/it on input line 69.
LaTeX Font Info:    ... okay on input line 69.
LaTeX Font Info:    Checking defaults for T1/cmr/m/n on input line 69.
LaTeX Font Info:    ... okay on input line 69.
LaTeX Font Info:    Checking defaults for OT1/cmr/m/n on input line 69.
LaTeX Font Info:    ... okay on input line 69.
LaTeX Font Info:    Checking defaults for OMS/cmsy/m/n on input line 69.
LaTeX Font Info:    ... okay on input line 69.
LaTeX Font Info:    Checking defaults for OMX/cmex/m/n on input line 69.
LaTeX Font Info:    ... okay on input line 69.
LaTeX Font Info:    Checking defaults for U/cmr/m/n on input line 69.
LaTeX Font Info:    ... okay on input line 69.
LaTeX Font Info:    Checking defaults for PD1/pdf/m/n on input line 69.
LaTeX Font Info:    ... okay on input line 69.
LaTeX Font Info:    Try loading font information for OT1+ptm on input line 69.
 (/opt/local/share/texmf-texlive/tex/latex/psnfss/ot1ptm.fd
File: ot1ptm.fd 2001/06/04 font definitions for OT1/ptm.
)
(/opt/local/share/texmf-texlive/tex/context/base/supp-pdf.mkii
[Loading MPS to PDF converter (version 2006.09.02).]
\scratchcounter=\count127
\scratchdimen=\dimen131
\scratchbox=\box34
\nofMPsegments=\count128
\nofMParguments=\count129
\everyMPshowfont=\toks23
\MPscratchCnt=\count130
\MPscratchDim=\dimen132
\MPnumerator=\count131
\makeMPintoPDFobject=\count132
\everyMPtoPDFconversion=\toks24
) (/opt/local/share/texmf-texlive/tex/latex/oberdiek/epstopdf-base.sty
Package: epstopdf-base 2010/02/09 v2.5 Base part for package epstopdf

(/opt/local/share/texmf-texlive/tex/latex/oberdiek/grfext.sty
Package: grfext 2010/08/19 v1.1 Manage graphics extensions (HO)
)
Package grfext Info: Graphics extension search list:
(grfext)             [.png,.pdf,.jpg,.mps,.jpeg,.jbig2,.jb2,.PNG,.PDF,.JPG,.JPE
G,.JBIG2,.JB2,.eps]
(grfext)             \AppendGraphicsExtensions on input line 452.

(/opt/local/share/texmf-texlive/tex/latex/latexconfig/epstopdf-sys.cfg
File: epstopdf-sys.cfg 2010/07/13 v1.3 Configuration of (r)epstopdf for TeX Liv
e
))
\AtBeginShipoutBox=\box35
Package hyperref Info: Link coloring ON on input line 69.

(/opt/local/share/texmf-texlive/tex/latex/hyperref/nameref.sty
Package: nameref 2012/10/27 v2.43 Cross-referencing by name of section

(/opt/local/share/texmf-texlive/tex/generic/oberdiek/gettitlestring.sty
Package: gettitlestring 2010/12/03 v1.4 Cleanup title references (HO)
)
\c@section@level=\count133
)
LaTeX Info: Redefining \ref on input line 69.
LaTeX Info: Redefining \pageref on input line 69.
LaTeX Info: Redefining \nameref on input line 69.

(./example_paper.out) (./example_paper.out)
\@outlinefile=\write3
\openout3 = `example_paper.out'.

Package caption Info: Begin \AtBeginDocument code.
Package caption Info: End \AtBeginDocument code.
LaTeX Font Info:    Font shape `OT1/ptm/bx/n' in size <9> not available
(Font)              Font shape `OT1/ptm/b/n' tried instead on input line 90.
LaTeX Font Info:    Font shape `OT1/ptm/bx/n' in size <14.4> not available
(Font)              Font shape `OT1/ptm/b/n' tried instead on input line 90.

Overfull \hbox (5.1225pt too wide) in paragraph at lines 93--93
 [] 
 []

LaTeX Font Info:    Font shape `OT1/ptm/bx/n' in size <12> not available
(Font)              Font shape `OT1/ptm/b/n' tried instead on input line 93.
LaTeX Font Info:    Try loading font information for OT1+ztmcm on input line 10
8.
(/opt/local/share/texmf-texlive/tex/latex/psnfss/ot1ztmcm.fd
File: ot1ztmcm.fd 2000/01/03 Fontinst v1.801 font definitions for OT1/ztmcm.
)
LaTeX Font Info:    Try loading font information for OML+ztmcm on input line 10
8.

(/opt/local/share/texmf-texlive/tex/latex/psnfss/omlztmcm.fd
File: omlztmcm.fd 2000/01/03 Fontinst v1.801 font definitions for OML/ztmcm.
)
LaTeX Font Info:    Try loading font information for OMS+ztmcm on input line 10
8.

(/opt/local/share/texmf-texlive/tex/latex/psnfss/omsztmcm.fd
File: omsztmcm.fd 2000/01/03 Fontinst v1.801 font definitions for OMS/ztmcm.
)
LaTeX Font Info:    Try loading font information for OMX+ztmcm on input line 10
8.

(/opt/local/share/texmf-texlive/tex/latex/psnfss/omxztmcm.fd
File: omxztmcm.fd 2000/01/03 Fontinst v1.801 font definitions for OMX/ztmcm.
)
LaTeX Font Info:    Font shape `OT1/ptm/bx/n' in size <10> not available
(Font)              Font shape `OT1/ptm/b/n' tried instead on input line 108.
LaTeX Font Info:    Font shape `OT1/ptm/bx/n' in size <7.4> not available
(Font)              Font shape `OT1/ptm/b/n' tried instead on input line 108.
LaTeX Font Info:    Font shape `OT1/ptm/bx/n' in size <6> not available
(Font)              Font shape `OT1/ptm/b/n' tried instead on input line 108.
 [1{/opt/local/var/db/texmf/fonts/map/pdftex/updmap/pdftex.map}



]
Underfull \vbox (badness 10000) has occurred while \output is active []

 [2]
Underfull \hbox (badness 10000) in paragraph at lines 261--267
[]\OT1/ptm/m/n/10 Ignoring some tech-ni-cal de-tails, the first line is
 []


Underfull \hbox (badness 10000) in paragraph at lines 261--267
\OT1/ptm/m/n/10 de-rived us-ing in-ter-change of in-te-gral and ex-pec-
 []


Underfull \hbox (badness 10000) in paragraph at lines 261--267
\OT1/ptm/m/n/10 ta-tion, as in $\U/msb/m/n/10 E[] [] \OT1/ztmcm/m/n/10 = \U/msb
/m/n/10 E[] [] \OT1/ztmcm/m/n/10 =
 []


Underfull \hbox (badness 1596) in paragraph at lines 261--267
[] \U/msb/m/n/10 E[] []  \OML/ztmcm/m/it/10 dw \OT1/ztmcm/m/n/10 = [] \OML/ztmc
m/m/it/10 ^^V[]\OT1/ztmcm/m/n/10 (\OML/ztmcm/m/it/10 x; w\OT1/ztmcm/m/n/10 )\OM
L/ztmcm/m/it/10 p [] dw$\OT1/ptm/m/n/10 . The sec-
 []


Underfull \hbox (badness 10000) in paragraph at lines 316--318
[] []\OT1/ptm/m/n/10 Solve $[] \OMS/ztmcm/m/n/10 2 [][]\OML/ztmcm/m/it/10 V[] [
]$ \OT1/ptm/m/n/10 us-ing
 []


Underfull \hbox (badness 5119) in paragraph at lines 316--318
\OT1/ptm/m/n/10 multi-start gra-di-ent as-cent and the abil-ity to
 []


Underfull \hbox (badness 10000) in paragraph at lines 318--321
[] []\OT1/ptm/m/n/10 Evaluate $\OML/ztmcm/m/it/10 y[] \OT1/ztmcm/m/n/10 = [] []
[] \OML/ztmcm/m/it/10 f []$
 []

[3]
LaTeX Font Info:    Font shape `OT1/ptm/bx/n' in size <7> not available
(Font)              Font shape `OT1/ptm/b/n' tried instead on input line 340.
LaTeX Font Info:    Font shape `OT1/ptm/bx/n' in size <5> not available
(Font)              Font shape `OT1/ptm/b/n' tried instead on input line 340.

Overfull \hbox (10.77522pt too wide) in paragraph at lines 340--359
 [] 
 []


Underfull \hbox (badness 10000) in paragraph at lines 375--376

 []


Overfull \hbox (4.65pt too wide) in paragraph at lines 398--398
[] 
 []


Underfull \vbox (badness 2865) has occurred while \output is active []


Underfull \hbox (badness 10000) in paragraph at lines 398--408
\OT1/ptm/m/n/10 and $\OML/ztmcm/m/it/10 h \OT1/ztmcm/m/n/10 : \U/msb/m/n/10 R[]
 \OMS/ztmcm/m/n/10 ^^B \U/msb/m/n/10 R[] \OMS/ztmcm/m/n/10 ! \U/msb/m/n/10 R$ \
OT1/ptm/m/n/10 is de-fined by $\OML/ztmcm/m/it/10 h [] \OT1/ztmcm/m/n/10 =
 []


Underfull \vbox (badness 1389) has occurred while \output is active []

 [4]
Overfull \hbox (0.5929pt too wide) in paragraph at lines 473--473
[] 
 []


Underfull \hbox (badness 1642) in paragraph at lines 490--491
[]\OT1/ptm/m/n/10 When im-ple-ment-ing the SBO al-go-rithm, we use the
 []


Underfull \hbox (badness 10000) in paragraph at lines 494--497
\OT1/ptm/m/n/10 where $\OML/ztmcm/m/it/10 ^^[[]$ \OT1/ptm/m/n/10 is the com-mon
 prior vari-ance, and
 []

<8F.pdf, id=162, 578.16pt x 433.62pt>
File: 8F.pdf Graphic file (type pdf)
 <use 8F.pdf>
Package pdftex.def Info: 8F.pdf used on input line 522.
(pdftex.def)             Requested size: 103.34666pt x 77.50568pt.

<20muN.pdf, id=163, 578.16pt x 433.62pt>
File: 20muN.pdf Graphic file (type pdf)
 <use 20muN.pdf>
Package pdftex.def Info: 20muN.pdf used on input line 525.
(pdftex.def)             Requested size: 103.34666pt x 77.50568pt.

Underfull \hbox (badness 1817) in paragraph at lines 525--525
[]\OT1/ptm/m/n/9 (a) |SBO: The con-tours of
 []

<20VOI.pdf, id=164, 578.16pt x 433.62pt>
File: 20VOI.pdf Graphic file (type pdf)
 <use 20VOI.pdf>
Package pdftex.def Info: 20VOI.pdf used on input line 531.
(pdftex.def)             Requested size: 103.34666pt x 77.50568pt.

<20a_n.pdf, id=165, 578.16pt x 433.62pt>
File: 20a_n.pdf Graphic file (type pdf)
 <use 20a_n.pdf>
Package pdftex.def Info: 20a_n.pdf used on input line 536.
(pdftex.def)             Requested size: 103.34666pt x 77.50568pt.

Underfull \hbox (badness 3250) in paragraph at lines 536--536
\OT1/ptm/m/n/9 and SBO's es-ti-mate $\OML/ztmcm/m/it/9 a[]\OT1/ztmcm/m/n/9 (\OM
L/ztmcm/m/it/9 x\OT1/ztmcm/m/n/9 )$
 []

<20VOI_n.pdf, id=166, 578.16pt x 433.62pt>
File: 20VOI_n.pdf Graphic file (type pdf)
 <use 20VOI_n.pdf>
Package pdftex.def Info: 20VOI_n.pdf used on input line 541.
(pdftex.def)             Requested size: 103.34666pt x 77.50568pt.

Underfull \hbox (badness 1796) in paragraph at lines 541--541
[]\OT1/ptm/m/n/9 (d) |KG: The value of in-
 []

<20mu_n.pdf, id=167, 578.16pt x 433.62pt>
File: 20mu_n.pdf Graphic file (type pdf)
 <use 20mu_n.pdf>
Package pdftex.def Info: 20mu_n.pdf used on input line 546.
(pdftex.def)             Requested size: 103.34666pt x 77.50568pt.

<comparisonSameanal.pdf, id=168, 578.16pt x 433.62pt>
File: comparisonSameanal.pdf Graphic file (type pdf)

<use comparisonSameanal.pdf>
Package pdftex.def Info: comparisonSameanal.pdf used on input line 555.
(pdftex.def)             Requested size: 211.3883pt x 158.53795pt.

Underfull \hbox (badness 10000) in paragraph at lines 568--570
\OML/ztmcm/m/it/10 [] [] []$\OT1/ptm/m/n/10 , where $\OML/ztmcm/m/it/10 ^^L \O
MS/ztmcm/m/n/10 2
 []


Underfull \hbox (badness 10000) in paragraph at lines 568--570
[]$\OT1/ptm/m/n/10 ,
 []


Underfull \hbox (badness 10000) in paragraph at lines 568--570
\OML/ztmcm/m/it/10 [] \OT1/ztmcm/m/n/10 = []$ \OT1/ptm/m/n/10 where $\OML/ztmc
m/m/it/10 A \OMS/ztmcm/m/n/10 2 []$ \OT1/ptm/m/n/10 and
 []


Underfull \hbox (badness 1810) in paragraph at lines 568--570
\OT1/ptm/m/n/10 it-er-a-tion, and $\OML/ztmcm/m/it/10 [] \OT1/ztmcm/m/n/10 = [
] \OMS/ztmcm/m/n/10 ^^@ \OML/ztmcm/m/it/10 []$\OT1/ptm/m/n/10 . We also sup-po
se that
 []


Underfull \hbox (badness 10000) in paragraph at lines 568--570
\OML/ztmcm/m/it/10 w$ \OT1/ptm/m/n/10 is drawn uni-formly from $[]$.
 []


Underfull \hbox (badness 10000) in paragraph at lines 568--570
\OT1/ptm/m/n/10 Con-se-quently, we have that $[] [] \OMS/ztmcm/m/n/10 ^^Y
 []


Underfull \hbox (badness 10000) in paragraph at lines 568--570
\OML/ztmcm/m/it/10 [] \OT1/ztmcm/m/n/10 + \OML/ztmcm/m/it/10 [] \OT1/ztmcm/m/
n/10 = []$\OT1/ptm/m/n/10 , $[] [] \OMS/ztmcm/m/n/10 ^^Y \OML/ztmcm/m/it/10 []
$\OT1/ptm/m/n/10 , and
 []


Underfull \hbox (badness 10000) in paragraph at lines 568--570
[] [] \OMS/ztmcm/m/n/10 ^^Y \OT1/ztmcm/m/n/10 ^^F []$\OT1/ptm/m/n/10 .
 []

[5]
Underfull \vbox (badness 10000) has occurred while \output is active []


Overfull \hbox (10.8323pt too wide) in paragraph at lines 573--573
[] 
 []

<contourPlotbetahN1A2ver2.pdf, id=184, 578.16pt x 433.62pt>
File: contourPlotbetahN1A2ver2.pdf Graphic file (type pdf)

<use contourPlotbetahN1A2ver2.pdf>
Package pdftex.def Info: contourPlotbetahN1A2ver2.pdf used on input line 586.
(pdftex.def)             Requested size: 105.69415pt x 79.26566pt.

<contourPlotbetahN8A2ver2.pdf, id=185, 578.16pt x 433.62pt>
File: contourPlotbetahN8A2ver2.pdf Graphic file (type pdf)

<use contourPlotbetahN8A2ver2.pdf>
Package pdftex.def Info: contourPlotbetahN8A2ver2.pdf used on input line 589.
(pdftex.def)             Requested size: 105.69415pt x 79.26566pt.
 [6 <./8F.pdf> <./20muN.pdf

pdfTeX warning: pdflatex (file ./20muN.pdf): PDF inclusion: multiple pdfs with 
page group included in a single page
> <./20VOI.pdf

pdfTeX warning: pdflatex (file ./20VOI.pdf): PDF inclusion: multiple pdfs with 
page group included in a single page
> <./20a_n.pdf

pdfTeX warning: pdflatex (file ./20a_n.pdf): PDF inclusion: multiple pdfs with 
page group included in a single page
> <./20VOI_n.pdf

pdfTeX warning: pdflatex (file ./20VOI_n.pdf): PDF inclusion: multiple pdfs wit
h page group included in a single page
> <./20mu_n.pdf

pdfTeX warning: pdflatex (file ./20mu_n.pdf): PDF inclusion: multiple pdfs with
 page group included in a single page
> <./comparisonSameanal.pdf

pdfTeX warning: pdflatex (file ./comparisonSameanal.pdf): PDF inclusion: multip
le pdfs with page group included in a single page
>]
Underfull \hbox (badness 10000) in paragraph at lines 600--601
[]\OT1/ptm/m/n/10 In con-clu-sion, a large cor-re-la-tion
 []


Underfull \hbox (badness 10000) in paragraph at lines 600--601
[] []$ \OT1/ptm/m/n/10 is fun-da-men-tal,
 []

<newcomparisonSameConfiguration.pdf, id=355, 578.16pt x 433.62pt>
File: newcomparisonSameConfiguration.pdf Graphic file (type pdf)

<use newcomparisonSameConfiguration.pdf>
Package pdftex.def Info: newcomparisonSameConfiguration.pdf used on input line 
610.
(pdftex.def)             Requested size: 105.69415pt x 79.26566pt.

Underfull \hbox (badness 10000) in paragraph at lines 610--610
[]\OT1/ptm/m/n/9 (a) |Per-for-mance com-par-
 []


Underfull \hbox (badness 10000) in paragraph at lines 610--610
\OT1/ptm/m/n/9 i-son be-tween SBO and
 []


Underfull \hbox (badness 4060) in paragraph at lines 610--610
\OT1/ptm/m/n/9 two Bayesian op-ti-miza-tion
 []


Underfull \hbox (badness 1308) in paragraph at lines 610--610
\OT1/ptm/m/n/9 meth-ods, on the Citi Bike
 []

<testStationMapPng0-full.png, id=358, 803.0pt x 602.25pt>
File: testStationMapPng0-full.png Graphic file (type png)

<use testStationMapPng0-full.png>
Package pdftex.def Info: testStationMapPng0-full.png used on input line 613.
(pdftex.def)             Requested size: 105.69415pt x 79.26933pt.

Underfull \hbox (badness 2027) in paragraph at lines 613--613
\OT1/ptm/m/n/9 where size and color rep-
 []


Underfull \hbox (badness 3199) in paragraph at lines 638--639
[]\OT1/ptm/m/n/9 deterministic vec-tor that rep-re-sents the
 []


Overfull \hbox (3.6017pt too wide) in paragraph at lines 636--645
 [] 
 []

[7 <./contourPlotbetahN1A2ver2.pdf> <./contourPlotbetahN8A2ver2.pdf

pdfTeX warning: pdflatex (file ./contourPlotbetahN8A2ver2.pdf): PDF inclusion: 
multiple pdfs with page group included in a single page
> <./newcomparisonSameConfiguration.pdf

pdfTeX warning: pdflatex (file ./newcomparisonSameConfiguration.pdf): PDF inclu
sion: multiple pdfs with page group included in a single page
> <./testStationMapPng0-full.png>]

Package natbib Warning: Citation `langley00' undefined on input line 675.

(./example_paper.bbl
Underfull \hbox (badness 1082) in paragraph at lines 13--17
\OT1/ptm/m/n/10 hi-er-ar-chi-cal re-in-force-ment learn-ing.  \OT1/ptm/m/it/10 
arXiv preprint
 []


Underfull \hbox (badness 4899) in paragraph at lines 55--59
[]\OT1/ptm/m/n/10 Jones, Don-ald R, Schon-lau, Matthias, and Welch,
 []

LaTeX Font Info:    Try loading font information for OT1+pcr on input line 93.
(/opt/local/share/texmf-texlive/tex/latex/psnfss/ot1pcr.fd
File: ot1pcr.fd 2001/06/04 font definitions for OT1/pcr.
)
Underfull \hbox (badness 1163) in paragraph at lines 90--94
\OT1/ptm/m/n/10 2006.  URL [][]$\OT1/pcr/m/n/10 http : / / www . gaussianproces
s .
 []

)

Package natbib Warning: There were undefined citations.

Package atveryend Info: Empty hook `BeforeClearDocument' on input line 680.
[8]
Package atveryend Info: Empty hook `AfterLastShipout' on input line 680.
 (./example_paper.aux)
Package atveryend Info: Executing hook `AtVeryEndDocument' on input line 680.
Package atveryend Info: Executing hook `AtEndAfterFileList' on input line 680.
Package rerunfilecheck Info: File `example_paper.out' has not changed.
(rerunfilecheck)             Checksum: D41D8CD98F00B204E9800998ECF8427E;0.


LaTeX Warning: There were multiply-defined labels.

Package atveryend Info: Empty hook `AtVeryVeryEnd' on input line 680.
 ) 
Here is how much of TeX's memory you used:
 8327 strings out of 494213
 122208 string characters out of 6157463
 239098 words of memory out of 5000000
 11403 multiletter control sequences out of 15000+600000
 50321 words of font info for 114 fonts, out of 8000000 for 9000
 430 hyphenation exceptions out of 8191
 36i,18n,45p,980b,543s stack positions out of 5000i,500n,10000p,200000b,80000s
{/opt/local/share/texmf-texlive/fonts/enc/dvips/base/8r.enc}</opt/local/share
/texmf-texlive/fonts/type1/public/amsfonts/cm/cmex10.pfb></opt/local/share/texm
f-texlive/fonts/type1/public/amsfonts/cm/cmmi10.pfb></opt/local/share/texmf-tex
live/fonts/type1/public/amsfonts/cm/cmr10.pfb></opt/local/share/texmf-texlive/f
onts/type1/public/amsfonts/cm/cmsy10.pfb></opt/local/share/texmf-texlive/fonts/
type1/public/amsfonts/symbols/msam10.pfb></opt/local/share/texmf-texlive/fonts/
type1/public/amsfonts/symbols/msbm10.pfb></opt/local/share/texmf-texlive/fonts/
type1/urw/courier/ucrr8a.pfb></opt/local/share/texmf-texlive/fonts/type1/urw/sy
mbol/usyr.pfb></opt/local/share/texmf-texlive/fonts/type1/urw/symbol/usyr.pfb><
/opt/local/share/texmf-texlive/fonts/type1/urw/times/utmb8a.pfb></opt/local/sha
re/texmf-texlive/fonts/type1/urw/times/utmr8a.pfb></opt/local/share/texmf-texli
ve/fonts/type1/urw/times/utmri8a.pfb>
Output written on example_paper.pdf (8 pages, 825311 bytes).
PDF statistics:
 553 PDF objects out of 1000 (max. 8388607)
 294 compressed objects within 3 object streams
 57 named destinations out of 1000 (max. 500000)
 56 words of extra memory for PDF output out of 10000 (max. 10000000)

