This is pdfTeX, Version 3.14159265-2.6-1.40.15 (TeX Live 2014/MacPorts 2014_5) (preloaded format=pdflatex 2015.2.21)  24 JAN 2016 22:42
entering extended mode
 restricted \write18 enabled.
 %&-line parsing enabled.
**example_paper.
(/opt/local/share/texmf-texlive/tex/latex/tools/x.tex
LaTeX2e <2014/05/01>
Babel <3.9k> and hyphenation patterns for 43 languages loaded.

! .
l.33   \batchmode \errmessage{}
                               \csname @@end\endcsname \end
This error message was generated by an \errmessage
command, so I can't give any explicit help.
Pretend that you're Hercule Poirot: Examine all clues,
and deduce the truth by order and method.

 ) 
Here is how much of TeX's memory you used:
 8 strings out of 494213
 272 string characters out of 6157463
 48530 words of memory out of 5000000
 3399 multiletter control sequences out of 15000+600000
 3640 words of font info for 14 fonts, out of 8000000 for 9000
 430 hyphenation exceptions out of 8191
 5i,0n,1p,94b,8s stack positions out of 5000i,500n,10000p,200000b,80000s

No pages of output.
PDF statistics:
 0 PDF objects out of 1000 (max. 8388607)
 0 named destinations out of 1000 (max. 500000)
 1 words of extra memory for PDF output out of 10000 (max. 10000000)

